Start testing: Mar 30 14:38 PDT
----------------------------------------------------------
1/2 Testing: prifhete_smoke_test
1/2 Test: prifhete_smoke_test
Command: "/Users/varun/Documents/prifhete-openfhe/build/prifhete_smoke_test"
Directory: /Users/varun/Documents/prifhete-openfhe/build
"prifhete_smoke_test" start time: Mar 30 14:38 PDT
Output:
----------------------------------------------------------
<end of output>
Test time =   0.23 sec
----------------------------------------------------------
Test Passed.
"prifhete_smoke_test" end time: Mar 30 14:38 PDT
"prifhete_smoke_test" time elapsed: 00:00:00
----------------------------------------------------------

2/2 Testing: prifhete_plaintext_model_test
2/2 Test: prifhete_plaintext_model_test
Command: "/Users/varun/Documents/prifhete-openfhe/build/prifhete_plaintext_model_test"
Directory: /Users/varun/Documents/prifhete-openfhe/build
"prifhete_plaintext_model_test" start time: Mar 30 14:38 PDT
Output:
----------------------------------------------------------
<end of output>
Test time =   0.12 sec
----------------------------------------------------------
Test Passed.
"prifhete_plaintext_model_test" end time: Mar 30 14:38 PDT
"prifhete_plaintext_model_test" time elapsed: 00:00:00
----------------------------------------------------------

End testing: Mar 30 14:38 PDT
